<?xml version="1.0" encoding="UTF-8"?>
<!-- Generated by org.testng.reporters.JUnitXMLReporter -->
<testsuite ignored="0" hostname="LBNL731103" failures="0" tests="9" name="Surefire test" time="47.249" errors="0" timestamp="25 mrt. 2021 14:42:00 GMT">
  <testcase classname="alerts.AlertsTest" name="testAlerts" time="0.599"/>
  <testcase classname="alerts.AlertsTest" name="testGetTextFromAlert" time="0.51"/>
  <testcase classname="alerts.AlertsTest" name="testResultFromPrompt" time="0.442"/>
  <testcase classname="dropdown.DropDownTest" name="testSelectedOption" time="0.667"/>
  <testcase classname="alerts.FileUploadTest" name="testFileUpload" time="1.241"/>
  <testcase classname="horizontalSlider.HorizontalSilderTest" name="changeRange" time="0.904"/>
  <testcase classname="keypresses.KeyPressesTest" name="testBackSpace" time="0.468"/>
  <testcase classname="alerts.ModalTest" name="testModalTitle" time="0.466"/>
  <testcase classname="waits.WaitsTest" name="testHiddenLoading" time="6.068"/>
</testsuite> <!-- Surefire test -->
