<?xml version="1.0" encoding="UTF-8"?>
<testsuite xmlns:xsi="http://www.w3.org/2001/XMLSchema-instance" xsi:schemaLocation="https://maven.apache.org/surefire/maven-surefire-plugin/xsd/surefire-test-report.xsd" name="TestSuite" time="48.588" tests="9" errors="0" skipped="0" failures="0">
  <properties>
[...]
</properties>
  <testcase name="testAlerts" classname="alerts.AlertsTest" time="0.603"/>
  <testcase name="testGetTextFromAlert" classname="alerts.AlertsTest" time="0.511"/>
  <testcase name="testResultFromPrompt" classname="alerts.AlertsTest" time="0.443"/>
  <testcase name="testSelectedOption" classname="dropdown.DropDownTest" time="0.667"/>
  <testcase name="testFileUpload" classname="alerts.FileUploadTest" time="1.24"/>
  <testcase name="changeRange" classname="horizontalSlider.HorizontalSilderTest" time="0.904"/>
  <testcase name="testBackSpace" classname="keypresses.KeyPressesTest" time="0.467"/>
  <testcase name="testModalTitle" classname="alerts.ModalTest" time="0.466"/>
  <testcase name="testHiddenLoading" classname="waits.WaitsTest" time="6.068"/>
</testsuite>